-------------------------------------------------------------------------------
Test set: com.howtoprogram.junit5.AppTest
-------------------------------------------------------------------------------
Tests run: 1, Failures: 1, Errors: 0, Skipped: 0, Time elapsed: 0.015 s <<< FAILURE! - in com.howtoprogram.junit5.AppTest
test  Time elapsed: 0 s  <<< FAILURE!
org.opentest4j.AssertionFailedError: Not yet implemented
	at com.howtoprogram.junit5.AppTest.test(AppTest.java:11)

